
=== Sun Nov  5 09:46:23 2023

Packages were changed.
Update Mode: mergeDefaultDependencies

The following packages were added:
  com.unity.ide.rider@3.0.16
  com.unity.ide.visualstudio@2.0.16
  com.unity.ide.vscode@1.2.5
  com.unity.modules.ai@1.0.0
  com.unity.modules.androidjni@1.0.0
  com.unity.modules.animation@1.0.0
  com.unity.modules.assetbundle@1.0.0
  com.unity.modules.audio@1.0.0
  com.unity.modules.cloth@1.0.0
  com.unity.modules.director@1.0.0
  com.unity.modules.imageconversion@1.0.0
  com.unity.modules.imgui@1.0.0
  com.unity.modules.jsonserialize@1.0.0
  com.unity.modules.particlesystem@1.0.0
  com.unity.modules.physics@1.0.0
  com.unity.modules.physics2d@1.0.0
  com.unity.modules.screencapture@1.0.0
  com.unity.modules.terrain@1.0.0
  com.unity.modules.terrainphysics@1.0.0
  com.unity.modules.tilemap@1.0.0
  com.unity.modules.ui@1.0.0
  com.unity.modules.uielements@1.0.0
  com.unity.modules.umbra@1.0.0
  com.unity.modules.unityanalytics@1.0.0
  com.unity.modules.unitywebrequest@1.0.0
  com.unity.modules.unitywebrequestassetbundle@1.0.0
  com.unity.modules.unitywebrequestaudio@1.0.0
  com.unity.modules.unitywebrequesttexture@1.0.0
  com.unity.modules.unitywebrequestwww@1.0.0
  com.unity.modules.vehicles@1.0.0
  com.unity.modules.video@1.0.0
  com.unity.modules.vr@1.0.0
  com.unity.modules.wind@1.0.0
  com.unity.modules.xr@1.0.0
  com.unity.test-framework@1.1.31
The following packages were updated:
  com.unity.collab-proxy from version 1.13.5 to 1.17.7
  com.unity.timeline from version 1.6.2 to 1.6.4
  com.unity.visualscripting from version 1.7.6 to 1.7.8

=== Fri Nov 24 07:07:14 2023

Packages were changed.
Update Mode: updateDependencies

The following packages were added:
  com.unity.ai.navigation@1.1.5
The following packages were updated:
  com.unity.collab-proxy from version 1.17.7 to 2.2.0
  com.unity.ide.rider from version 3.0.16 to 3.0.26
  com.unity.ide.visualstudio from version 2.0.16 to 2.0.22
  com.unity.probuilder from version 5.0.7 to 5.2.0
  com.unity.test-framework from version 1.1.31 to 1.1.33
  com.unity.timeline from version 1.6.4 to 1.7.6
  com.unity.visualscripting from version 1.7.8 to 1.9.1

=== Fri Feb 14 08:23:22 2025

Packages were changed.
Update Mode: updateDependencies

The following packages were added:
  com.unity.modules.accessibility@1.0.0
  com.unity.multiplayer.center@1.0.0
The following packages were updated:
  com.unity.ai.navigation from version 1.1.5 to 2.0.5
  com.unity.collab-proxy from version 2.2.0 to 2.6.0
  com.unity.feature.development from version 1.0.1 to 1.0.2
  com.unity.ide.rider from version 3.0.26 to 3.0.31
  com.unity.postprocessing from version 3.2.2 to 3.4.0
  com.unity.probuilder from version 5.2.0 to 6.0.4
  com.unity.test-framework from version 1.1.33 to 1.4.6
  com.unity.timeline from version 1.7.6 to 1.8.7
  com.unity.ugui from version 1.0.0 to 2.0.0
  com.unity.visualscripting from version 1.9.1 to 1.9.5
The following packages were removed:
  com.unity.textmeshpro@3.0.6

=== Tue Oct 28 21:50:15 2025

Packages were changed.
Update Mode: updateDependencies

The following packages were updated:
  com.unity.ai.navigation from version 2.0.5 to 2.0.9
  com.unity.collab-proxy from version 2.6.0 to 2.10.0
  com.unity.ide.rider from version 3.0.31 to 3.0.38
  com.unity.ide.visualstudio from version 2.0.22 to 2.0.25
  com.unity.postprocessing from version 3.4.0 to 3.5.0
  com.unity.probuilder from version 6.0.4 to 6.0.7
  com.unity.test-framework from version 1.4.6 to 1.6.0
  com.unity.timeline from version 1.8.7 to 1.8.9
  com.unity.visualscripting from version 1.9.5 to 1.9.8
